Determining if the pthread_create exist failed with the following output:
Change Dir: /home/rbdstudent/ctello/build/CMakeFiles/CMakeTmp

Run Build Command:"/usr/bin/make" "cmTC_67493/fast"
make[1]: Entering directory '/home/rbdstudent/ctello/build/CMakeFiles/CMakeTmp'
/usr/bin/make -f CMakeFiles/cmTC_67493.dir/build.make CMakeFiles/cmTC_67493.dir/build
make[2]: Entering directory '/home/rbdstudent/ctello/build/CMakeFiles/CMakeTmp'
Building C object CMakeFiles/cmTC_67493.dir/CheckSymbolExists.c.o
/usr/bin/cc    -o CMakeFiles/cmTC_67493.dir/CheckSymbolExists.c.o   -c /home/rbdstudent/ctello/build/CMakeFiles/CMakeTmp/CheckSymbolExists.c
Linking C executable cmTC_67493
/usr/bin/cmake -E cmake_link_script CMakeFiles/cmTC_67493.dir/link.txt --verbose=1
/usr/bin/cc      CMakeFiles/cmTC_67493.dir/CheckSymbolExists.c.o  -o cmTC_67493 
CMakeFiles/cmTC_67493.dir/CheckSymbolExists.c.o: In function `main':
CheckSymbolExists.c:(.text+0x1b): undefined reference to `pthread_create'
collect2: error: ld returned 1 exit status
CMakeFiles/cmTC_67493.dir/build.make:97: recipe for target 'cmTC_67493' failed
make[2]: *** [cmTC_67493] Error 1
make[2]: Leaving directory '/home/rbdstudent/ctello/build/CMakeFiles/CMakeTmp'
Makefile:126: recipe for target 'cmTC_67493/fast' failed
make[1]: *** [cmTC_67493/fast] Error 2
make[1]: Leaving directory '/home/rbdstudent/ctello/build/CMakeFiles/CMakeTmp'

File /home/rbdstudent/ctello/build/CMakeFiles/CMakeTmp/CheckSymbolExists.c:
/* */
#include <pthread.h>

int main(int argc, char** argv)
{
  (void)argv;
#ifndef pthread_create
  return ((int*)(&pthread_create))[argc];
#else
  (void)argc;
  return 0;
#endif
}

Determining if the function pthread_create exists in the pthreads failed with the following output:
Change Dir: /home/rbdstudent/ctello/build/CMakeFiles/CMakeTmp

Run Build Command:"/usr/bin/make" "cmTC_cb1e4/fast"
make[1]: Entering directory '/home/rbdstudent/ctello/build/CMakeFiles/CMakeTmp'
/usr/bin/make -f CMakeFiles/cmTC_cb1e4.dir/build.make CMakeFiles/cmTC_cb1e4.dir/build
make[2]: Entering directory '/home/rbdstudent/ctello/build/CMakeFiles/CMakeTmp'
Building C object CMakeFiles/cmTC_cb1e4.dir/CheckFunctionExists.c.o
/usr/bin/cc   -DCHECK_FUNCTION_EXISTS=pthread_create   -o CMakeFiles/cmTC_cb1e4.dir/CheckFunctionExists.c.o   -c /usr/share/cmake-3.10/Modules/CheckFunctionExists.c
Linking C executable cmTC_cb1e4
/usr/bin/cmake -E cmake_link_script CMakeFiles/cmTC_cb1e4.dir/link.txt --verbose=1
/usr/bin/cc  -DCHECK_FUNCTION_EXISTS=pthread_create    CMakeFiles/cmTC_cb1e4.dir/CheckFunctionExists.c.o  -o cmTC_cb1e4 -lpthreads 
/usr/bin/ld: cannot find -lpthreads
collect2: error: ld returned 1 exit status
CMakeFiles/cmTC_cb1e4.dir/build.make:97: recipe for target 'cmTC_cb1e4' failed
make[2]: *** [cmTC_cb1e4] Error 1
make[2]: Leaving directory '/home/rbdstudent/ctello/build/CMakeFiles/CMakeTmp'
Makefile:126: recipe for target 'cmTC_cb1e4/fast' failed
make[1]: *** [cmTC_cb1e4/fast] Error 2
make[1]: Leaving directory '/home/rbdstudent/ctello/build/CMakeFiles/CMakeTmp'


